nohup: ignoring input
time="2026-03-03T01:42:27.837109586Z" level=info msg="Starting up"
time="2026-03-03T01:42:27.837628128Z" level=info msg="containerd not running, starting managed containerd"
time="2026-03-03T01:42:27.838383419Z" level=info msg="started new containerd process" address=/var/run/docker/containerd/containerd.sock module=libcontainerd pid=25430
time="2026-03-03T01:42:27.869865211Z" level=info msg="starting containerd" revision=dea7da592f5d1d2b7755e3a161be07f43fad8f75 version=2.2.1-1
time="2026-03-03T01:42:27.875440086Z" level=warning msg="Configuration migrated from version 2, use `containerd config migrate` to avoid migration" t="2.917µs"
time="2026-03-03T01:42:27.875477419Z" level=info msg="loading plugin" id=io.containerd.image-verifier.v1.bindir type=io.containerd.image-verifier.v1
time="2026-03-03T01:42:27.875492586Z" level=info msg="loading plugin" id=io.containerd.internal.v1.opt type=io.containerd.internal.v1
time="2026-03-03T01:42:27.875525128Z" level=info msg="loading plugin" id=io.containerd.warning.v1.deprecations type=io.containerd.warning.v1
time="2026-03-03T01:42:27.875532753Z" level=info msg="loading plugin" id=io.containerd.content.v1.content type=io.containerd.content.v1
time="2026-03-03T01:42:27.875548753Z" level=info msg="loading plugin" id=io.containerd.mount-handler.v1.erofs type=io.containerd.mount-handler.v1
time="2026-03-03T01:42:27.875554544Z" level=info msg="loading plugin" id=io.containerd.snapshotter.v1.blockfile type=io.containerd.snapshotter.v1
time="2026-03-03T01:42:27.875599544Z" level=info msg="skip loading plugin" error="no scratch file generator: skip plugin" id=io.containerd.snapshotter.v1.blockfile type=io.containerd.snapshotter.v1
time="2026-03-03T01:42:27.875606878Z" level=info msg="loading plugin" id=io.containerd.snapshotter.v1.btrfs type=io.containerd.snapshotter.v1
time="2026-03-03T01:42:27.875727169Z" level=info msg="skip loading plugin" error="path /tmp/docker/containerd/daemon/io.containerd.snapshotter.v1.btrfs (tmpfs) must be a btrfs filesystem to be used with the btrfs snapshotter: skip plugin" id=io.containerd.snapshotter.v1.btrfs type=io.containerd.snapshotter.v1
time="2026-03-03T01:42:27.875734211Z" level=info msg="loading plugin" id=io.containerd.snapshotter.v1.devmapper type=io.containerd.snapshotter.v1
time="2026-03-03T01:42:27.875738919Z" level=info msg="skip loading plugin" error="devmapper not configured: skip plugin" id=io.containerd.snapshotter.v1.devmapper type=io.containerd.snapshotter.v1
time="2026-03-03T01:42:27.875741878Z" level=info msg="loading plugin" id=io.containerd.snapshotter.v1.erofs type=io.containerd.snapshotter.v1
time="2026-03-03T01:42:27.875843544Z" level=info msg="loading plugin" id=io.containerd.snapshotter.v1.native type=io.containerd.snapshotter.v1
time="2026-03-03T01:42:27.875865419Z" level=info msg="loading plugin" id=io.containerd.snapshotter.v1.overlayfs type=io.containerd.snapshotter.v1
time="2026-03-03T01:42:27.875937128Z" level=info msg="loading plugin" id=io.containerd.snapshotter.v1.zfs type=io.containerd.snapshotter.v1
time="2026-03-03T01:42:27.875956419Z" level=info msg="skip loading plugin" error="lstat /tmp/docker/containerd/daemon/io.containerd.snapshotter.v1.zfs: no such file or directory: skip plugin" id=io.containerd.snapshotter.v1.zfs type=io.containerd.snapshotter.v1
time="2026-03-03T01:42:27.875960461Z" level=info msg="loading plugin" id=io.containerd.event.v1.exchange type=io.containerd.event.v1
time="2026-03-03T01:42:27.875987711Z" level=info msg="loading plugin" id=io.containerd.monitor.task.v1.cgroups type=io.containerd.monitor.task.v1
time="2026-03-03T01:42:27.876142169Z" level=info msg="loading plugin" id=io.containerd.metadata.v1.bolt type=io.containerd.metadata.v1
time="2026-03-03T01:42:27.876175419Z" level=info msg="metadata content store policy set" policy=shared
time="2026-03-03T01:42:27.876328294Z" level=info msg="loading plugin" id=io.containerd.gc.v1.scheduler type=io.containerd.gc.v1
time="2026-03-03T01:42:27.876371128Z" level=info msg="loading plugin" id=io.containerd.nri.v1.nri type=io.containerd.nri.v1
time="2026-03-03T01:42:27.876432753Z" level=info msg="built-in NRI default validator is disabled"
time="2026-03-03T01:42:27.876437753Z" level=info msg="runtime interface created"
time="2026-03-03T01:42:27.876439878Z" level=info msg="created NRI interface"
time="2026-03-03T01:42:27.876444419Z" level=info msg="loading plugin" id=io.containerd.differ.v1.erofs type=io.containerd.differ.v1
time="2026-03-03T01:42:27.876492086Z" level=info msg="skip loading plugin" error="failed to check mkfs.erofs availability: failed to run mkfs.erofs --help: exec: \"mkfs.erofs\": executable file not found in $PATH: skip plugin" id=io.containerd.differ.v1.erofs type=io.containerd.differ.v1
time="2026-03-03T01:42:27.876497586Z" level=info msg="loading plugin" id=io.containerd.differ.v1.walking type=io.containerd.differ.v1
time="2026-03-03T01:42:27.876515794Z" level=info msg="loading plugin" id=io.containerd.lease.v1.manager type=io.containerd.lease.v1
time="2026-03-03T01:42:27.876523961Z" level=info msg="loading plugin" id=io.containerd.mount-manager.v1.bolt type=io.containerd.mount-manager.v1
time="2026-03-03T01:42:27.876583086Z" level=info msg="loading plugin" id=io.containerd.service.v1.containers-service type=io.containerd.service.v1
time="2026-03-03T01:42:27.876596461Z" level=info msg="loading plugin" id=io.containerd.service.v1.content-service type=io.containerd.service.v1
time="2026-03-03T01:42:27.876602419Z" level=info msg="loading plugin" id=io.containerd.service.v1.diff-service type=io.containerd.service.v1
time="2026-03-03T01:42:27.876620961Z" level=info msg="loading plugin" id=io.containerd.service.v1.images-service type=io.containerd.service.v1
time="2026-03-03T01:42:27.876627294Z" level=info msg="loading plugin" id=io.containerd.service.v1.introspection-service type=io.containerd.service.v1
time="2026-03-03T01:42:27.876633794Z" level=info msg="loading plugin" id=io.containerd.service.v1.namespaces-service type=io.containerd.service.v1
time="2026-03-03T01:42:27.876638336Z" level=info msg="loading plugin" id=io.containerd.service.v1.snapshots-service type=io.containerd.service.v1
time="2026-03-03T01:42:27.876642836Z" level=info msg="loading plugin" id=io.containerd.shim.v1.manager type=io.containerd.shim.v1
time="2026-03-03T01:42:27.876647753Z" level=info msg="loading plugin" id=io.containerd.runtime.v2.task type=io.containerd.runtime.v2
time="2026-03-03T01:42:27.876969919Z" level=info msg="connecting to shim 0b289b3347dd057916aca6951500da469466c5126a55c1475213408019ff6e93" address="unix:///run/containerd/s/3505c573988b202edcd793e9dc070c7a6dd54c48c7c96c5bc8eea91b56e2a9dc" namespace=moby protocol=ttrpc version=3
time="2026-03-03T01:42:27.883701211Z" level=info msg="loading plugin" id=io.containerd.service.v1.tasks-service type=io.containerd.service.v1
time="2026-03-03T01:42:27.883729128Z" level=info msg="loading plugin" id=io.containerd.grpc.v1.containers type=io.containerd.grpc.v1
time="2026-03-03T01:42:27.883736044Z" level=info msg="loading plugin" id=io.containerd.grpc.v1.content type=io.containerd.grpc.v1
time="2026-03-03T01:42:27.883742169Z" level=info msg="loading plugin" id=io.containerd.grpc.v1.diff type=io.containerd.grpc.v1
time="2026-03-03T01:42:27.883747378Z" level=info msg="loading plugin" id=io.containerd.grpc.v1.events type=io.containerd.grpc.v1
time="2026-03-03T01:42:27.883752794Z" level=info msg="loading plugin" id=io.containerd.grpc.v1.images type=io.containerd.grpc.v1
time="2026-03-03T01:42:27.883758044Z" level=info msg="loading plugin" id=io.containerd.grpc.v1.introspection type=io.containerd.grpc.v1
time="2026-03-03T01:42:27.883762961Z" level=info msg="loading plugin" id=io.containerd.grpc.v1.leases type=io.containerd.grpc.v1
time="2026-03-03T01:42:27.883771378Z" level=info msg="loading plugin" id=io.containerd.grpc.v1.mounts type=io.containerd.grpc.v1
time="2026-03-03T01:42:27.883776044Z" level=info msg="loading plugin" id=io.containerd.grpc.v1.namespaces type=io.containerd.grpc.v1
time="2026-03-03T01:42:27.883783544Z" level=info msg="loading plugin" id=io.containerd.sandbox.store.v1.local type=io.containerd.sandbox.store.v1
time="2026-03-03T01:42:27.883787711Z" level=info msg="loading plugin" id=io.containerd.transfer.v1.local type=io.containerd.transfer.v1
time="2026-03-03T01:42:27.883803669Z" level=info msg="loading plugin" id=io.containerd.cri.v1.images type=io.containerd.cri.v1
time="2026-03-03T01:42:27.883840794Z" level=info msg="Get image filesystem path \"/tmp/docker/containerd/daemon/io.containerd.snapshotter.v1.overlayfs\" for snapshotter \"overlayfs\""
time="2026-03-03T01:42:27.883850836Z" level=info msg="Start snapshots syncer"
time="2026-03-03T01:42:27.883876836Z" level=info msg="loading plugin" id=io.containerd.cri.v1.runtime type=io.containerd.cri.v1
time="2026-03-03T01:42:27.884010378Z" level=info msg="starting cri plugin" config="{\"containerd\":{\"defaultRuntimeName\":\"runc\",\"runtimes\":{\"runc\":{\"runtimeType\":\"io.containerd.runc.v2\",\"runtimePath\":\"\",\"PodAnnotations\":null,\"ContainerAnnotations\":null,\"options\":{\"BinaryName\":\"\",\"CriuImagePath\":\"\",\"CriuWorkPath\":\"\",\"IoGid\":0,\"IoUid\":0,\"NoNewKeyring\":false,\"Root\":\"\",\"ShimCgroup\":\"\",\"SystemdCgroup\":false},\"privileged_without_host_devices\":false,\"privileged_without_host_devices_all_devices_allowed\":false,\"cgroupWritable\":false,\"baseRuntimeSpec\":\"\",\"cniConfDir\":\"\",\"cniMaxConfNum\":0,\"snapshotter\":\"\",\"sandboxer\":\"podsandbox\",\"io_type\":\"\"}},\"ignoreBlockIONotEnabledErrors\":false,\"ignoreRdtNotEnabledErrors\":false},\"cni\":{\"binDir\":\"\",\"binDirs\":[\"/opt/cni/bin\"],\"confDir\":\"/etc/cni/net.d\",\"maxConfNum\":1,\"setupSerially\":false,\"confTemplate\":\"\",\"ipPref\":\"\",\"useInternalLoopback\":false},\"enableSelinux\":false,\"selinuxCategoryRange\":1024,\"maxContainerLogLineSize\":16384,\"disableApparmor\":false,\"restrictOOMScoreAdj\":false,\"disableProcMount\":false,\"unsetSeccompProfile\":\"\",\"tolerateMissingHugetlbController\":true,\"disableHugetlbController\":true,\"device_ownership_from_security_context\":false,\"ignoreImageDefinedVolumes\":false,\"netnsMountsUnderStateDir\":false,\"enableUnprivilegedPorts\":true,\"enableUnprivilegedICMP\":true,\"enableCDI\":true,\"cdiSpecDirs\":[\"/etc/cdi\",\"/var/run/cdi\"],\"drainExecSyncIOTimeout\":\"0s\",\"ignoreDeprecationWarnings\":null,\"containerdRootDir\":\"/tmp/docker/containerd/daemon\",\"containerdEndpoint\":\"/var/run/docker/containerd/containerd.sock\",\"rootDir\":\"/tmp/docker/containerd/daemon/io.containerd.grpc.v1.cri\",\"stateDir\":\"/var/run/docker/containerd/daemon/io.containerd.grpc.v1.cri\"}"
time="2026-03-03T01:42:27.884045003Z" level=info msg="loading plugin" id=io.containerd.podsandbox.controller.v1.podsandbox type=io.containerd.podsandbox.controller.v1
time="2026-03-03T01:42:27.884088419Z" level=info msg="loading plugin" id=io.containerd.sandbox.controller.v1.shim type=io.containerd.sandbox.controller.v1
time="2026-03-03T01:42:27.884146586Z" level=info msg="loading plugin" id=io.containerd.grpc.v1.sandbox-controllers type=io.containerd.grpc.v1
time="2026-03-03T01:42:27.884156461Z" level=info msg="loading plugin" id=io.containerd.grpc.v1.sandboxes type=io.containerd.grpc.v1
time="2026-03-03T01:42:27.884165919Z" level=info msg="loading plugin" id=io.containerd.grpc.v1.snapshots type=io.containerd.grpc.v1
time="2026-03-03T01:42:27.884170336Z" level=info msg="loading plugin" id=io.containerd.streaming.v1.manager type=io.containerd.streaming.v1
time="2026-03-03T01:42:27.884178794Z" level=info msg="loading plugin" id=io.containerd.grpc.v1.streaming type=io.containerd.grpc.v1
time="2026-03-03T01:42:27.884183169Z" level=info msg="loading plugin" id=io.containerd.grpc.v1.tasks type=io.containerd.grpc.v1
time="2026-03-03T01:42:27.884187961Z" level=info msg="loading plugin" id=io.containerd.grpc.v1.transfer type=io.containerd.grpc.v1
time="2026-03-03T01:42:27.884196336Z" level=info msg="loading plugin" id=io.containerd.grpc.v1.version type=io.containerd.grpc.v1
time="2026-03-03T01:42:27.884201211Z" level=info msg="loading plugin" id=io.containerd.monitor.container.v1.restart type=io.containerd.monitor.container.v1
time="2026-03-03T01:42:27.884224794Z" level=info msg="loading plugin" id=io.containerd.tracing.processor.v1.otlp type=io.containerd.tracing.processor.v1
time="2026-03-03T01:42:27.884233794Z" level=info msg="skip loading plugin" error="skip plugin: tracing endpoint not configured" id=io.containerd.tracing.processor.v1.otlp type=io.containerd.tracing.processor.v1
time="2026-03-03T01:42:27.884237169Z" level=info msg="loading plugin" id=io.containerd.internal.v1.tracing type=io.containerd.internal.v1
time="2026-03-03T01:42:27.884244211Z" level=info msg="skip loading plugin" error="skip plugin: tracing endpoint not configured" id=io.containerd.internal.v1.tracing type=io.containerd.internal.v1
time="2026-03-03T01:42:27.884247586Z" level=info msg="loading plugin" id=io.containerd.ttrpc.v1.otelttrpc type=io.containerd.ttrpc.v1
time="2026-03-03T01:42:27.884251419Z" level=info msg="loading plugin" id=io.containerd.grpc.v1.healthcheck type=io.containerd.grpc.v1
time="2026-03-03T01:42:27.884551961Z" level=info msg=serving... address=/var/run/docker/containerd/containerd-debug.sock
time="2026-03-03T01:42:27.884645211Z" level=info msg=serving... address=/var/run/docker/containerd/containerd.sock.ttrpc
time="2026-03-03T01:42:27.884689878Z" level=info msg=serving... address=/var/run/docker/containerd/containerd.sock
time="2026-03-03T01:42:27.884720253Z" level=info msg="containerd successfully booted in 0.015293s"
time="2026-03-03T01:42:27.896547711Z" level=info msg="OTEL tracing is not configured, using no-op tracer provider"
time="2026-03-03T01:42:27.896653961Z" level=info msg="CDI directory does not exist, skipping: failed to monitor for changes: no such file or directory" dir=/etc/cdi
time="2026-03-03T01:42:27.896661544Z" level=info msg="CDI directory does not exist, skipping: failed to monitor for changes: no such file or directory" dir=/var/run/cdi
time="2026-03-03T01:42:27.902841669Z" level=info msg="Creating a containerd client" address=/var/run/docker/containerd/containerd.sock timeout=1m0s
time="2026-03-03T01:42:27.904692836Z" level=info msg="Loading containers: start."
time="2026-03-03T01:42:27.904719919Z" level=info msg="NRI is disabled"
time="2026-03-03T01:42:27.904723711Z" level=info msg="Starting daemon with containerd snapshotter integration enabled"
time="2026-03-03T01:42:27.906578253Z" level=info msg="Restoring containers: start."
time="2026-03-03T01:42:27.936662086Z" level=info msg="Deleting nftables IPv4 rules" error="exit status 1"
time="2026-03-03T01:42:27.970721586Z" level=info msg="Deleting nftables IPv6 rules" error="exit status 1"
time="2026-03-03T01:42:28.034114003Z" level=info msg="Loading containers: done."
time="2026-03-03T01:42:28.037361253Z" level=info msg="Docker daemon" commit=6bc6209b88a7a834c91f77d848e025c79e0227a1 containerd-snapshotter=true storage-driver=overlayfs version=29.2.1-1
time="2026-03-03T01:42:28.037402169Z" level=info msg="Initializing buildkit"
time="2026-03-03T01:42:28.040838919Z" level=info msg="Completed buildkit initialization"
time="2026-03-03T01:42:28.045332919Z" level=info msg="Daemon has completed initialization"
time="2026-03-03T01:42:28.045375961Z" level=info msg="API listen on /var/run/docker.sock"
time="2026-03-03T01:43:02.445097963Z" level=info msg="image pulled" digest="sha256:f7279ceb86523f8f909da59525bd92b26bdf32017fc8e4e2dbe9d148bca4b38c" remote="docker.io/library/redis:8.2"
time="2026-03-03T01:44:20.202862513Z" level=error msg="(*service).Write failed" error="rpc error: code = Unavailable desc = ref moby/1/manifest-sha256:0ec7739e1c5ec2f57861facbe1f2b74f1d3e147c7c97edf91eeea920c5944d9c locked for 1.529417ms (since 2026-03-03 01:44:20.201261805 +0000 UTC m=+112.346315844): unavailable" expected="sha256:0ec7739e1c5ec2f57861facbe1f2b74f1d3e147c7c97edf91eeea920c5944d9c" ref="manifest-sha256:0ec7739e1c5ec2f57861facbe1f2b74f1d3e147c7c97edf91eeea920c5944d9c" total=760
time="2026-03-03T01:44:20.211476680Z" level=error msg="(*service).Write failed" error="rpc error: code = Unavailable desc = ref moby/1/manifest-sha256:0ec7739e1c5ec2f57861facbe1f2b74f1d3e147c7c97edf91eeea920c5944d9c locked for 10.194333ms (since 2026-03-03 01:44:20.201261805 +0000 UTC m=+112.346315844): unavailable" expected="sha256:0ec7739e1c5ec2f57861facbe1f2b74f1d3e147c7c97edf91eeea920c5944d9c" ref="manifest-sha256:0ec7739e1c5ec2f57861facbe1f2b74f1d3e147c7c97edf91eeea920c5944d9c" total=760
time="2026-03-03T01:44:20.234379680Z" level=error msg="(*service).Write failed" error="rpc error: code = Unavailable desc = ref moby/1/manifest-sha256:0ec7739e1c5ec2f57861facbe1f2b74f1d3e147c7c97edf91eeea920c5944d9c locked for 33.095667ms (since 2026-03-03 01:44:20.201261805 +0000 UTC m=+112.346315844): unavailable" expected="sha256:0ec7739e1c5ec2f57861facbe1f2b74f1d3e147c7c97edf91eeea920c5944d9c" ref="manifest-sha256:0ec7739e1c5ec2f57861facbe1f2b74f1d3e147c7c97edf91eeea920c5944d9c" total=760
time="2026-03-03T01:44:20.284449138Z" level=error msg="(*service).Write failed" error="rpc error: code = Unavailable desc = ref moby/1/manifest-sha256:0ec7739e1c5ec2f57861facbe1f2b74f1d3e147c7c97edf91eeea920c5944d9c locked for 83.166042ms (since 2026-03-03 01:44:20.201261805 +0000 UTC m=+112.346315844): unavailable" expected="sha256:0ec7739e1c5ec2f57861facbe1f2b74f1d3e147c7c97edf91eeea920c5944d9c" ref="manifest-sha256:0ec7739e1c5ec2f57861facbe1f2b74f1d3e147c7c97edf91eeea920c5944d9c" total=760
time="2026-03-03T01:44:20.307718347Z" level=error msg="(*service).Write failed" error="rpc error: code = Unavailable desc = ref moby/1/manifest-sha256:0ec7739e1c5ec2f57861facbe1f2b74f1d3e147c7c97edf91eeea920c5944d9c locked for 106.43425ms (since 2026-03-03 01:44:20.201261805 +0000 UTC m=+112.346315844): unavailable" expected="sha256:0ec7739e1c5ec2f57861facbe1f2b74f1d3e147c7c97edf91eeea920c5944d9c" ref="manifest-sha256:0ec7739e1c5ec2f57861facbe1f2b74f1d3e147c7c97edf91eeea920c5944d9c" total=760
time="2026-03-03T01:44:20.415566680Z" level=error msg="(*service).Write failed" error="rpc error: code = Unavailable desc = ref moby/1/config-sha256:dbcbf900d336c59707d537c6d2b7e5119a7d3c29874f25e40faf813c4ab53bff locked for 90.734083ms (since 2026-03-03 01:44:20.32481343 +0000 UTC m=+112.469867511): unavailable" expected="sha256:dbcbf900d336c59707d537c6d2b7e5119a7d3c29874f25e40faf813c4ab53bff" ref="config-sha256:dbcbf900d336c59707d537c6d2b7e5119a7d3c29874f25e40faf813c4ab53bff" total=3347
time="2026-03-03T01:44:20.416190305Z" level=error msg="(*service).Write failed" error="rpc error: code = Unavailable desc = ref moby/1/config-sha256:dbcbf900d336c59707d537c6d2b7e5119a7d3c29874f25e40faf813c4ab53bff locked for 91.362541ms (since 2026-03-03 01:44:20.32481343 +0000 UTC m=+112.469867511): unavailable" expected="sha256:dbcbf900d336c59707d537c6d2b7e5119a7d3c29874f25e40faf813c4ab53bff" ref="config-sha256:dbcbf900d336c59707d537c6d2b7e5119a7d3c29874f25e40faf813c4ab53bff" total=3347
time="2026-03-03T01:44:20.447510638Z" level=error msg="(*service).Write failed" error="rpc error: code = Unavailable desc = ref moby/1/config-sha256:dbcbf900d336c59707d537c6d2b7e5119a7d3c29874f25e40faf813c4ab53bff locked for 122.675ms (since 2026-03-03 01:44:20.32481343 +0000 UTC m=+112.469867511): unavailable" expected="sha256:dbcbf900d336c59707d537c6d2b7e5119a7d3c29874f25e40faf813c4ab53bff" ref="config-sha256:dbcbf900d336c59707d537c6d2b7e5119a7d3c29874f25e40faf813c4ab53bff" total=3347
time="2026-03-03T01:44:20.456241555Z" level=error msg="(*service).Write failed" error="rpc error: code = Unavailable desc = ref moby/1/layer-sha256:b84a32a4ecd55b93870256f5c99803a85ff672053e690bbedf8a6816350fcd6c locked for 2.084209ms (since 2026-03-03 01:44:20.454139013 +0000 UTC m=+112.599193177): unavailable" expected="sha256:b84a32a4ecd55b93870256f5c99803a85ff672053e690bbedf8a6816350fcd6c" ref="layer-sha256:b84a32a4ecd55b93870256f5c99803a85ff672053e690bbedf8a6816350fcd6c" total=490126104
time="2026-03-03T01:44:20.456306388Z" level=error msg="(*service).Write failed" error="rpc error: code = Unavailable desc = ref moby/1/layer-sha256:cb5e374be662a562b8271158639e918b9c634aa4dfdc8b3aa31ccfc99cf8c077 locked for 2.377333ms (since 2026-03-03 01:44:20.45392468 +0000 UTC m=+112.598978761): unavailable" expected="sha256:cb5e374be662a562b8271158639e918b9c634aa4dfdc8b3aa31ccfc99cf8c077" ref="layer-sha256:cb5e374be662a562b8271158639e918b9c634aa4dfdc8b3aa31ccfc99cf8c077" total=31559400
time="2026-03-03T01:44:20.456405513Z" level=error msg="(*service).Write failed" error="rpc error: code = Unavailable desc = ref moby/1/layer-sha256:6cadd823cd10ae179bf26a417ec632f8f07d3a262064bacdd92067e7e84ea8db locked for 2.071167ms (since 2026-03-03 01:44:20.454317638 +0000 UTC m=+112.599371719): unavailable" expected="sha256:6cadd823cd10ae179bf26a417ec632f8f07d3a262064bacdd92067e7e84ea8db" ref="layer-sha256:6cadd823cd10ae179bf26a417ec632f8f07d3a262064bacdd92067e7e84ea8db" total=77964252
time="2026-03-03T01:44:20.461352055Z" level=error msg="(*service).Write failed" error="rpc error: code = Unavailable desc = ref moby/1/layer-sha256:cb5e374be662a562b8271158639e918b9c634aa4dfdc8b3aa31ccfc99cf8c077 locked for 7.411375ms (since 2026-03-03 01:44:20.45392468 +0000 UTC m=+112.598978761): unavailable" expected="sha256:cb5e374be662a562b8271158639e918b9c634aa4dfdc8b3aa31ccfc99cf8c077" ref="layer-sha256:cb5e374be662a562b8271158639e918b9c634aa4dfdc8b3aa31ccfc99cf8c077" total=31559400
time="2026-03-03T01:44:20.465231555Z" level=error msg="(*service).Write failed" error="rpc error: code = Unavailable desc = ref moby/1/layer-sha256:b84a32a4ecd55b93870256f5c99803a85ff672053e690bbedf8a6816350fcd6c locked for 11.076584ms (since 2026-03-03 01:44:20.454139013 +0000 UTC m=+112.599193177): unavailable" expected="sha256:b84a32a4ecd55b93870256f5c99803a85ff672053e690bbedf8a6816350fcd6c" ref="layer-sha256:b84a32a4ecd55b93870256f5c99803a85ff672053e690bbedf8a6816350fcd6c" total=490126104
time="2026-03-03T01:44:20.471263138Z" level=error msg="(*service).Write failed" error="rpc error: code = Unavailable desc = ref moby/1/layer-sha256:b84a32a4ecd55b93870256f5c99803a85ff672053e690bbedf8a6816350fcd6c locked for 17.104917ms (since 2026-03-03 01:44:20.454139013 +0000 UTC m=+112.599193177): unavailable" expected="sha256:b84a32a4ecd55b93870256f5c99803a85ff672053e690bbedf8a6816350fcd6c" ref="layer-sha256:b84a32a4ecd55b93870256f5c99803a85ff672053e690bbedf8a6816350fcd6c" total=490126104
time="2026-03-03T01:44:20.473481680Z" level=error msg="(*service).Write failed" error="rpc error: code = Unavailable desc = ref moby/1/layer-sha256:6cadd823cd10ae179bf26a417ec632f8f07d3a262064bacdd92067e7e84ea8db locked for 19.148292ms (since 2026-03-03 01:44:20.454317638 +0000 UTC m=+112.599371719): unavailable" expected="sha256:6cadd823cd10ae179bf26a417ec632f8f07d3a262064bacdd92067e7e84ea8db" ref="layer-sha256:6cadd823cd10ae179bf26a417ec632f8f07d3a262064bacdd92067e7e84ea8db" total=77964252
time="2026-03-03T01:44:20.482274013Z" level=error msg="(*service).Write failed" error="rpc error: code = Unavailable desc = ref moby/1/layer-sha256:cb5e374be662a562b8271158639e918b9c634aa4dfdc8b3aa31ccfc99cf8c077 locked for 28.32675ms (since 2026-03-03 01:44:20.45392468 +0000 UTC m=+112.598978761): unavailable" expected="sha256:cb5e374be662a562b8271158639e918b9c634aa4dfdc8b3aa31ccfc99cf8c077" ref="layer-sha256:cb5e374be662a562b8271158639e918b9c634aa4dfdc8b3aa31ccfc99cf8c077" total=31559400
time="2026-03-03T01:44:20.486416805Z" level=error msg="(*service).Write failed" error="rpc error: code = Unavailable desc = ref moby/1/layer-sha256:cb5e374be662a562b8271158639e918b9c634aa4dfdc8b3aa31ccfc99cf8c077 locked for 32.474666ms (since 2026-03-03 01:44:20.45392468 +0000 UTC m=+112.598978761): unavailable" expected="sha256:cb5e374be662a562b8271158639e918b9c634aa4dfdc8b3aa31ccfc99cf8c077" ref="layer-sha256:cb5e374be662a562b8271158639e918b9c634aa4dfdc8b3aa31ccfc99cf8c077" total=31559400
time="2026-03-03T01:44:20.488124930Z" level=error msg="(*service).Write failed" error="rpc error: code = Unavailable desc = ref moby/1/layer-sha256:b84a32a4ecd55b93870256f5c99803a85ff672053e690bbedf8a6816350fcd6c locked for 33.971709ms (since 2026-03-03 01:44:20.454139013 +0000 UTC m=+112.599193177): unavailable" expected="sha256:b84a32a4ecd55b93870256f5c99803a85ff672053e690bbedf8a6816350fcd6c" ref="layer-sha256:b84a32a4ecd55b93870256f5c99803a85ff672053e690bbedf8a6816350fcd6c" total=490126104
time="2026-03-03T01:44:20.502294097Z" level=error msg="(*service).Write failed" error="rpc error: code = Unavailable desc = ref moby/1/layer-sha256:b84a32a4ecd55b93870256f5c99803a85ff672053e690bbedf8a6816350fcd6c locked for 48.120584ms (since 2026-03-03 01:44:20.454139013 +0000 UTC m=+112.599193177): unavailable" expected="sha256:b84a32a4ecd55b93870256f5c99803a85ff672053e690bbedf8a6816350fcd6c" ref="layer-sha256:b84a32a4ecd55b93870256f5c99803a85ff672053e690bbedf8a6816350fcd6c" total=490126104
time="2026-03-03T01:44:20.502353055Z" level=error msg="(*service).Write failed" error="rpc error: code = Unavailable desc = ref moby/1/layer-sha256:6cadd823cd10ae179bf26a417ec632f8f07d3a262064bacdd92067e7e84ea8db locked for 48.03125ms (since 2026-03-03 01:44:20.454317638 +0000 UTC m=+112.599371719): unavailable" expected="sha256:6cadd823cd10ae179bf26a417ec632f8f07d3a262064bacdd92067e7e84ea8db" ref="layer-sha256:6cadd823cd10ae179bf26a417ec632f8f07d3a262064bacdd92067e7e84ea8db" total=77964252
time="2026-03-03T01:44:20.549414722Z" level=error msg="(*service).Write failed" error="rpc error: code = Unavailable desc = ref moby/1/layer-sha256:b84a32a4ecd55b93870256f5c99803a85ff672053e690bbedf8a6816350fcd6c locked for 95.252625ms (since 2026-03-03 01:44:20.454139013 +0000 UTC m=+112.599193177): unavailable" expected="sha256:b84a32a4ecd55b93870256f5c99803a85ff672053e690bbedf8a6816350fcd6c" ref="layer-sha256:b84a32a4ecd55b93870256f5c99803a85ff672053e690bbedf8a6816350fcd6c" total=490126104
time="2026-03-03T01:44:20.561483180Z" level=error msg="(*service).Write failed" error="rpc error: code = Unavailable desc = ref moby/1/layer-sha256:6cadd823cd10ae179bf26a417ec632f8f07d3a262064bacdd92067e7e84ea8db locked for 107.146458ms (since 2026-03-03 01:44:20.454317638 +0000 UTC m=+112.599371719): unavailable" expected="sha256:6cadd823cd10ae179bf26a417ec632f8f07d3a262064bacdd92067e7e84ea8db" ref="layer-sha256:6cadd823cd10ae179bf26a417ec632f8f07d3a262064bacdd92067e7e84ea8db" total=77964252
time="2026-03-03T01:44:20.592212139Z" level=error msg="(*service).Write failed" error="rpc error: code = Unavailable desc = ref moby/1/layer-sha256:cb5e374be662a562b8271158639e918b9c634aa4dfdc8b3aa31ccfc99cf8c077 locked for 138.265125ms (since 2026-03-03 01:44:20.45392468 +0000 UTC m=+112.598978761): unavailable" expected="sha256:cb5e374be662a562b8271158639e918b9c634aa4dfdc8b3aa31ccfc99cf8c077" ref="layer-sha256:cb5e374be662a562b8271158639e918b9c634aa4dfdc8b3aa31ccfc99cf8c077" total=31559400
time="2026-03-03T01:44:20.671580847Z" level=error msg="(*service).Write failed" error="rpc error: code = Unavailable desc = ref moby/1/layer-sha256:6cadd823cd10ae179bf26a417ec632f8f07d3a262064bacdd92067e7e84ea8db locked for 217.24025ms (since 2026-03-03 01:44:20.454317638 +0000 UTC m=+112.599371719): unavailable" expected="sha256:6cadd823cd10ae179bf26a417ec632f8f07d3a262064bacdd92067e7e84ea8db" ref="layer-sha256:6cadd823cd10ae179bf26a417ec632f8f07d3a262064bacdd92067e7e84ea8db" total=77964252
time="2026-03-03T01:44:20.765338014Z" level=error msg="(*service).Write failed" error="rpc error: code = Unavailable desc = ref moby/1/layer-sha256:b84a32a4ecd55b93870256f5c99803a85ff672053e690bbedf8a6816350fcd6c locked for 311.174084ms (since 2026-03-03 01:44:20.454139013 +0000 UTC m=+112.599193177): unavailable" expected="sha256:b84a32a4ecd55b93870256f5c99803a85ff672053e690bbedf8a6816350fcd6c" ref="layer-sha256:b84a32a4ecd55b93870256f5c99803a85ff672053e690bbedf8a6816350fcd6c" total=490126104
time="2026-03-03T01:44:20.780427097Z" level=error msg="(*service).Write failed" error="rpc error: code = Unavailable desc = ref moby/1/layer-sha256:cb5e374be662a562b8271158639e918b9c634aa4dfdc8b3aa31ccfc99cf8c077 locked for 326.479875ms (since 2026-03-03 01:44:20.45392468 +0000 UTC m=+112.598978761): unavailable" expected="sha256:cb5e374be662a562b8271158639e918b9c634aa4dfdc8b3aa31ccfc99cf8c077" ref="layer-sha256:cb5e374be662a562b8271158639e918b9c634aa4dfdc8b3aa31ccfc99cf8c077" total=31559400
time="2026-03-03T01:44:20.802564930Z" level=error msg="(*service).Write failed" error="rpc error: code = Unavailable desc = ref moby/1/layer-sha256:6cadd823cd10ae179bf26a417ec632f8f07d3a262064bacdd92067e7e84ea8db locked for 348.219125ms (since 2026-03-03 01:44:20.454317638 +0000 UTC m=+112.599371719): unavailable" expected="sha256:6cadd823cd10ae179bf26a417ec632f8f07d3a262064bacdd92067e7e84ea8db" ref="layer-sha256:6cadd823cd10ae179bf26a417ec632f8f07d3a262064bacdd92067e7e84ea8db" total=77964252
time="2026-03-03T01:44:20.965340430Z" level=info msg="connecting to shim 03e2a42a9d215f188b1b9231ad84ad36cb91abdf0472aed60045c109199d229d" address="unix:///run/containerd/s/19b82ae6c950c137e3af8da9a269cb1fecdea9543f6698e3aa4883d9067ec6d9" namespace=moby protocol=ttrpc version=3
time="2026-03-03T01:44:21.035622347Z" level=info msg="sbJoin: gwep4 ''->'11edab39d9dd', gwep6 ''->''" eid=11edab39d9dd ep=redis-cache-df36a660 net=aspire-persistent-network-df36a660-AspireContainerStarter nid=6823520db587
time="2026-03-03T01:44:21.092351139Z" level=error msg="(*service).Write failed" error="rpc error: code = Unavailable desc = ref moby/1/layer-sha256:cb5e374be662a562b8271158639e918b9c634aa4dfdc8b3aa31ccfc99cf8c077 locked for 638.404958ms (since 2026-03-03 01:44:20.45392468 +0000 UTC m=+112.598978761): unavailable" expected="sha256:cb5e374be662a562b8271158639e918b9c634aa4dfdc8b3aa31ccfc99cf8c077" ref="layer-sha256:cb5e374be662a562b8271158639e918b9c634aa4dfdc8b3aa31ccfc99cf8c077" total=31559400
time="2026-03-03T01:44:21.224122639Z" level=error msg="(*service).Write failed" error="rpc error: code = Unavailable desc = ref moby/1/layer-sha256:b84a32a4ecd55b93870256f5c99803a85ff672053e690bbedf8a6816350fcd6c locked for 769.955667ms (since 2026-03-03 01:44:20.454139013 +0000 UTC m=+112.599193177): unavailable" expected="sha256:b84a32a4ecd55b93870256f5c99803a85ff672053e690bbedf8a6816350fcd6c" ref="layer-sha256:b84a32a4ecd55b93870256f5c99803a85ff672053e690bbedf8a6816350fcd6c" total=490126104
time="2026-03-03T01:44:21.239554500Z" level=error msg="(*service).Write failed" error="rpc error: code = Unavailable desc = ref moby/1/layer-sha256:6cadd823cd10ae179bf26a417ec632f8f07d3a262064bacdd92067e7e84ea8db locked for 787.679417ms (since 2026-03-03 01:44:20.454317638 +0000 UTC m=+112.599371719): unavailable" expected="sha256:6cadd823cd10ae179bf26a417ec632f8f07d3a262064bacdd92067e7e84ea8db" ref="layer-sha256:6cadd823cd10ae179bf26a417ec632f8f07d3a262064bacdd92067e7e84ea8db" total=77964252
time="2026-03-03T01:44:21.715325083Z" level=error msg="(*service).Write failed" error="rpc error: code = Unavailable desc = ref moby/1/layer-sha256:cb5e374be662a562b8271158639e918b9c634aa4dfdc8b3aa31ccfc99cf8c077 locked for 1.263848375s (since 2026-03-03 01:44:20.45392468 +0000 UTC m=+112.598978761): unavailable" expected="sha256:cb5e374be662a562b8271158639e918b9c634aa4dfdc8b3aa31ccfc99cf8c077" ref="layer-sha256:cb5e374be662a562b8271158639e918b9c634aa4dfdc8b3aa31ccfc99cf8c077" total=31559400
time="2026-03-03T01:44:21.752005875Z" level=error msg="(*service).Write failed" error="rpc error: code = Unavailable desc = ref moby/1/layer-sha256:b84a32a4ecd55b93870256f5c99803a85ff672053e690bbedf8a6816350fcd6c locked for 1.300314834s (since 2026-03-03 01:44:20.454139013 +0000 UTC m=+112.599193177): unavailable" expected="sha256:b84a32a4ecd55b93870256f5c99803a85ff672053e690bbedf8a6816350fcd6c" ref="layer-sha256:b84a32a4ecd55b93870256f5c99803a85ff672053e690bbedf8a6816350fcd6c" total=490126104
time="2026-03-03T01:44:21.937760917Z" level=error msg="(*service).Write failed" error="rpc error: code = Unavailable desc = ref moby/1/layer-sha256:b84a32a4ecd55b93870256f5c99803a85ff672053e690bbedf8a6816350fcd6c locked for 1.486069084s (since 2026-03-03 01:44:20.454139013 +0000 UTC m=+112.599193177): unavailable" expected="sha256:b84a32a4ecd55b93870256f5c99803a85ff672053e690bbedf8a6816350fcd6c" ref="layer-sha256:b84a32a4ecd55b93870256f5c99803a85ff672053e690bbedf8a6816350fcd6c" total=490126104
time="2026-03-03T01:44:21.955506750Z" level=error msg="(*service).Write failed" error="rpc error: code = Unavailable desc = ref moby/1/layer-sha256:cb5e374be662a562b8271158639e918b9c634aa4dfdc8b3aa31ccfc99cf8c077 locked for 1.504031333s (since 2026-03-03 01:44:20.45392468 +0000 UTC m=+112.598978761): unavailable" expected="sha256:cb5e374be662a562b8271158639e918b9c634aa4dfdc8b3aa31ccfc99cf8c077" ref="layer-sha256:cb5e374be662a562b8271158639e918b9c634aa4dfdc8b3aa31ccfc99cf8c077" total=31559400
time="2026-03-03T01:44:21.955838667Z" level=error msg="(*service).Write failed" error="rpc error: code = Unavailable desc = ref moby/1/layer-sha256:6cadd823cd10ae179bf26a417ec632f8f07d3a262064bacdd92067e7e84ea8db locked for 1.503980792s (since 2026-03-03 01:44:20.454317638 +0000 UTC m=+112.599371719): unavailable" expected="sha256:6cadd823cd10ae179bf26a417ec632f8f07d3a262064bacdd92067e7e84ea8db" ref="layer-sha256:6cadd823cd10ae179bf26a417ec632f8f07d3a262064bacdd92067e7e84ea8db" total=77964252
time="2026-03-03T01:44:22.180509417Z" level=error msg="(*service).Write failed" error="rpc error: code = Unavailable desc = ref moby/1/layer-sha256:6cadd823cd10ae179bf26a417ec632f8f07d3a262064bacdd92067e7e84ea8db locked for 1.728638042s (since 2026-03-03 01:44:20.454317638 +0000 UTC m=+112.599371719): unavailable" expected="sha256:6cadd823cd10ae179bf26a417ec632f8f07d3a262064bacdd92067e7e84ea8db" ref="layer-sha256:6cadd823cd10ae179bf26a417ec632f8f07d3a262064bacdd92067e7e84ea8db" total=77964252
time="2026-03-03T01:44:23.350329959Z" level=error msg="(*service).Write failed" error="rpc error: code = Unavailable desc = ref moby/1/layer-sha256:b84a32a4ecd55b93870256f5c99803a85ff672053e690bbedf8a6816350fcd6c locked for 2.898636918s (since 2026-03-03 01:44:20.454139013 +0000 UTC m=+112.599193177): unavailable" expected="sha256:b84a32a4ecd55b93870256f5c99803a85ff672053e690bbedf8a6816350fcd6c" ref="layer-sha256:b84a32a4ecd55b93870256f5c99803a85ff672053e690bbedf8a6816350fcd6c" total=490126104
time="2026-03-03T01:44:23.360128667Z" level=error msg="(*service).Write failed" error="rpc error: code = Unavailable desc = ref moby/1/layer-sha256:6cadd823cd10ae179bf26a417ec632f8f07d3a262064bacdd92067e7e84ea8db locked for 2.908256418s (since 2026-03-03 01:44:20.454317638 +0000 UTC m=+112.599371719): unavailable" expected="sha256:6cadd823cd10ae179bf26a417ec632f8f07d3a262064bacdd92067e7e84ea8db" ref="layer-sha256:6cadd823cd10ae179bf26a417ec632f8f07d3a262064bacdd92067e7e84ea8db" total=77964252
time="2026-03-03T01:44:23.384108876Z" level=error msg="(*service).Write failed" error="rpc error: code = Unavailable desc = ref moby/1/layer-sha256:cb5e374be662a562b8271158639e918b9c634aa4dfdc8b3aa31ccfc99cf8c077 locked for 2.932630667s (since 2026-03-03 01:44:20.45392468 +0000 UTC m=+112.598978761): unavailable" expected="sha256:cb5e374be662a562b8271158639e918b9c634aa4dfdc8b3aa31ccfc99cf8c077" ref="layer-sha256:cb5e374be662a562b8271158639e918b9c634aa4dfdc8b3aa31ccfc99cf8c077" total=31559400
time="2026-03-03T01:44:23.706109251Z" level=error msg="(*service).Write failed" error="rpc error: code = Unavailable desc = ref moby/1/layer-sha256:b84a32a4ecd55b93870256f5c99803a85ff672053e690bbedf8a6816350fcd6c locked for 3.254409085s (since 2026-03-03 01:44:20.454139013 +0000 UTC m=+112.599193177): unavailable" expected="sha256:b84a32a4ecd55b93870256f5c99803a85ff672053e690bbedf8a6816350fcd6c" ref="layer-sha256:b84a32a4ecd55b93870256f5c99803a85ff672053e690bbedf8a6816350fcd6c" total=490126104
time="2026-03-03T01:44:24.250688418Z" level=error msg="(*service).Write failed" error="rpc error: code = Unavailable desc = ref moby/1/layer-sha256:b84a32a4ecd55b93870256f5c99803a85ff672053e690bbedf8a6816350fcd6c locked for 3.79899021s (since 2026-03-03 01:44:20.454139013 +0000 UTC m=+112.599193177): unavailable" expected="sha256:b84a32a4ecd55b93870256f5c99803a85ff672053e690bbedf8a6816350fcd6c" ref="layer-sha256:b84a32a4ecd55b93870256f5c99803a85ff672053e690bbedf8a6816350fcd6c" total=490126104
time="2026-03-03T01:44:24.745937418Z" level=error msg="(*service).Write failed" error="rpc error: code = Unavailable desc = ref moby/1/layer-sha256:b84a32a4ecd55b93870256f5c99803a85ff672053e690bbedf8a6816350fcd6c locked for 4.294244544s (since 2026-03-03 01:44:20.454139013 +0000 UTC m=+112.599193177): unavailable" expected="sha256:b84a32a4ecd55b93870256f5c99803a85ff672053e690bbedf8a6816350fcd6c" ref="layer-sha256:b84a32a4ecd55b93870256f5c99803a85ff672053e690bbedf8a6816350fcd6c" total=490126104
time="2026-03-03T01:44:24.852189043Z" level=error msg="(*service).Write failed" error="rpc error: code = Unavailable desc = ref moby/1/layer-sha256:cb5e374be662a562b8271158639e918b9c634aa4dfdc8b3aa31ccfc99cf8c077 locked for 4.400712293s (since 2026-03-03 01:44:20.45392468 +0000 UTC m=+112.598978761): unavailable" expected="sha256:cb5e374be662a562b8271158639e918b9c634aa4dfdc8b3aa31ccfc99cf8c077" ref="layer-sha256:cb5e374be662a562b8271158639e918b9c634aa4dfdc8b3aa31ccfc99cf8c077" total=31559400
time="2026-03-03T01:44:25.288412668Z" level=error msg="(*service).Write failed" error="rpc error: code = Unavailable desc = ref moby/1/layer-sha256:6cadd823cd10ae179bf26a417ec632f8f07d3a262064bacdd92067e7e84ea8db locked for 4.836540585s (since 2026-03-03 01:44:20.454317638 +0000 UTC m=+112.599371719): unavailable" expected="sha256:6cadd823cd10ae179bf26a417ec632f8f07d3a262064bacdd92067e7e84ea8db" ref="layer-sha256:6cadd823cd10ae179bf26a417ec632f8f07d3a262064bacdd92067e7e84ea8db" total=77964252
time="2026-03-03T01:44:25.462204377Z" level=error msg="(*service).Write failed" error="rpc error: code = Unavailable desc = ref moby/1/layer-sha256:b84a32a4ecd55b93870256f5c99803a85ff672053e690bbedf8a6816350fcd6c locked for 5.010506669s (since 2026-03-03 01:44:20.454139013 +0000 UTC m=+112.599193177): unavailable" expected="sha256:b84a32a4ecd55b93870256f5c99803a85ff672053e690bbedf8a6816350fcd6c" ref="layer-sha256:b84a32a4ecd55b93870256f5c99803a85ff672053e690bbedf8a6816350fcd6c" total=490126104
time="2026-03-03T01:44:25.526873002Z" level=error msg="(*service).Write failed" error="rpc error: code = Unavailable desc = ref moby/1/layer-sha256:b84a32a4ecd55b93870256f5c99803a85ff672053e690bbedf8a6816350fcd6c locked for 5.075177877s (since 2026-03-03 01:44:20.454139013 +0000 UTC m=+112.599193177): unavailable" expected="sha256:b84a32a4ecd55b93870256f5c99803a85ff672053e690bbedf8a6816350fcd6c" ref="layer-sha256:b84a32a4ecd55b93870256f5c99803a85ff672053e690bbedf8a6816350fcd6c" total=490126104
time="2026-03-03T01:44:26.403241002Z" level=error msg="(*service).Write failed" error="rpc error: code = Unavailable desc = ref moby/1/layer-sha256:b84a32a4ecd55b93870256f5c99803a85ff672053e690bbedf8a6816350fcd6c locked for 5.951545169s (since 2026-03-03 01:44:20.454139013 +0000 UTC m=+112.599193177): unavailable" expected="sha256:b84a32a4ecd55b93870256f5c99803a85ff672053e690bbedf8a6816350fcd6c" ref="layer-sha256:b84a32a4ecd55b93870256f5c99803a85ff672053e690bbedf8a6816350fcd6c" total=490126104
time="2026-03-03T01:44:26.485834460Z" level=error msg="(*service).Write failed" error="rpc error: code = Unavailable desc = ref moby/1/layer-sha256:cb5e374be662a562b8271158639e918b9c634aa4dfdc8b3aa31ccfc99cf8c077 locked for 6.034357127s (since 2026-03-03 01:44:20.45392468 +0000 UTC m=+112.598978761): unavailable" expected="sha256:cb5e374be662a562b8271158639e918b9c634aa4dfdc8b3aa31ccfc99cf8c077" ref="layer-sha256:cb5e374be662a562b8271158639e918b9c634aa4dfdc8b3aa31ccfc99cf8c077" total=31559400
time="2026-03-03T01:44:27.040597711Z" level=info msg="image pulled" digest="sha256:353913ece3d9124cebd40f4b91d00dd197846b8cf86eae9a4790698709c64a1d" remote="mcr.microsoft.com/azure-messaging/servicebus-emulator:1.1.2"
time="2026-03-03T01:44:27.121843169Z" level=error msg="(*service).Write failed" error="rpc error: code = Unavailable desc = ref moby/1/layer-sha256:b84a32a4ecd55b93870256f5c99803a85ff672053e690bbedf8a6816350fcd6c locked for 6.670151545s (since 2026-03-03 01:44:20.454139013 +0000 UTC m=+112.599193177): unavailable" expected="sha256:b84a32a4ecd55b93870256f5c99803a85ff672053e690bbedf8a6816350fcd6c" ref="layer-sha256:b84a32a4ecd55b93870256f5c99803a85ff672053e690bbedf8a6816350fcd6c" total=490126104
time="2026-03-03T01:44:27.192962127Z" level=error msg="(*service).Write failed" error="rpc error: code = Unavailable desc = ref moby/1/layer-sha256:6cadd823cd10ae179bf26a417ec632f8f07d3a262064bacdd92067e7e84ea8db locked for 6.741084586s (since 2026-03-03 01:44:20.454317638 +0000 UTC m=+112.599371719): unavailable" expected="sha256:6cadd823cd10ae179bf26a417ec632f8f07d3a262064bacdd92067e7e84ea8db" ref="layer-sha256:6cadd823cd10ae179bf26a417ec632f8f07d3a262064bacdd92067e7e84ea8db" total=77964252
time="2026-03-03T01:44:28.106070128Z" level=info msg="connecting to shim fff424df38dc64ad9d5feefdb7992b11b3a030e49ef5bd56ce52289651c432a8" address="unix:///run/containerd/s/a2b6da85956bf1136c298f108372f7100e2bb5e918544f486cee1aa3b4e0952a" namespace=moby protocol=ttrpc version=3
time="2026-03-03T01:44:28.184260044Z" level=info msg="sbJoin: gwep4 ''->'543045af01d0', gwep6 ''->''" eid=543045af01d0 ep=service-bus-df36a660 net=aspire-persistent-network-df36a660-AspireContainerStarter nid=6823520db587
time="2026-03-03T01:44:28.497837711Z" level=error msg="(*service).Write failed" error="rpc error: code = Unavailable desc = ref moby/1/layer-sha256:cb5e374be662a562b8271158639e918b9c634aa4dfdc8b3aa31ccfc99cf8c077 locked for 8.046346961s (since 2026-03-03 01:44:20.45392468 +0000 UTC m=+112.598978761): unavailable" expected="sha256:cb5e374be662a562b8271158639e918b9c634aa4dfdc8b3aa31ccfc99cf8c077" ref="layer-sha256:cb5e374be662a562b8271158639e918b9c634aa4dfdc8b3aa31ccfc99cf8c077" total=31559400
time="2026-03-03T01:44:28.871549545Z" level=error msg="(*service).Write failed" error="rpc error: code = Unavailable desc = ref moby/1/layer-sha256:b84a32a4ecd55b93870256f5c99803a85ff672053e690bbedf8a6816350fcd6c locked for 8.419857045s (since 2026-03-03 01:44:20.454139013 +0000 UTC m=+112.599193177): unavailable" expected="sha256:b84a32a4ecd55b93870256f5c99803a85ff672053e690bbedf8a6816350fcd6c" ref="layer-sha256:b84a32a4ecd55b93870256f5c99803a85ff672053e690bbedf8a6816350fcd6c" total=490126104
time="2026-03-03T01:44:30.510277254Z" level=error msg="(*service).Write failed" error="rpc error: code = Unavailable desc = ref moby/1/layer-sha256:b84a32a4ecd55b93870256f5c99803a85ff672053e690bbedf8a6816350fcd6c locked for 10.05858363s (since 2026-03-03 01:44:20.454139013 +0000 UTC m=+112.599193177): unavailable" expected="sha256:b84a32a4ecd55b93870256f5c99803a85ff672053e690bbedf8a6816350fcd6c" ref="layer-sha256:b84a32a4ecd55b93870256f5c99803a85ff672053e690bbedf8a6816350fcd6c" total=490126104
time="2026-03-03T01:44:30.867483837Z" level=error msg="(*service).Write failed" error="rpc error: code = Unavailable desc = ref moby/1/layer-sha256:b84a32a4ecd55b93870256f5c99803a85ff672053e690bbedf8a6816350fcd6c locked for 10.415763421s (since 2026-03-03 01:44:20.454139013 +0000 UTC m=+112.599193177): unavailable" expected="sha256:b84a32a4ecd55b93870256f5c99803a85ff672053e690bbedf8a6816350fcd6c" ref="layer-sha256:b84a32a4ecd55b93870256f5c99803a85ff672053e690bbedf8a6816350fcd6c" total=490126104
time="2026-03-03T01:44:32.825138797Z" level=error msg="(*service).Write failed" error="rpc error: code = Unavailable desc = ref moby/1/layer-sha256:b84a32a4ecd55b93870256f5c99803a85ff672053e690bbedf8a6816350fcd6c locked for 12.373434422s (since 2026-03-03 01:44:20.454139013 +0000 UTC m=+112.599193177): unavailable" expected="sha256:b84a32a4ecd55b93870256f5c99803a85ff672053e690bbedf8a6816350fcd6c" ref="layer-sha256:b84a32a4ecd55b93870256f5c99803a85ff672053e690bbedf8a6816350fcd6c" total=490126104
time="2026-03-03T01:44:34.803113214Z" level=error msg="(*service).Write failed" error="rpc error: code = Unavailable desc = ref moby/1/layer-sha256:b84a32a4ecd55b93870256f5c99803a85ff672053e690bbedf8a6816350fcd6c locked for 14.351394132s (since 2026-03-03 01:44:20.454139013 +0000 UTC m=+112.599193177): unavailable" expected="sha256:b84a32a4ecd55b93870256f5c99803a85ff672053e690bbedf8a6816350fcd6c" ref="layer-sha256:b84a32a4ecd55b93870256f5c99803a85ff672053e690bbedf8a6816350fcd6c" total=490126104
time="2026-03-03T01:44:36.428843465Z" level=error msg="(*service).Write failed" error="rpc error: code = Unavailable desc = ref moby/1/layer-sha256:b84a32a4ecd55b93870256f5c99803a85ff672053e690bbedf8a6816350fcd6c locked for 15.977149966s (since 2026-03-03 01:44:20.454139013 +0000 UTC m=+112.599193177): unavailable" expected="sha256:b84a32a4ecd55b93870256f5c99803a85ff672053e690bbedf8a6816350fcd6c" ref="layer-sha256:b84a32a4ecd55b93870256f5c99803a85ff672053e690bbedf8a6816350fcd6c" total=490126104
time="2026-03-03T01:44:37.228023590Z" level=error msg="(*service).Write failed" error="rpc error: code = Unavailable desc = ref moby/1/layer-sha256:b84a32a4ecd55b93870256f5c99803a85ff672053e690bbedf8a6816350fcd6c locked for 16.776329174s (since 2026-03-03 01:44:20.454139013 +0000 UTC m=+112.599193177): unavailable" expected="sha256:b84a32a4ecd55b93870256f5c99803a85ff672053e690bbedf8a6816350fcd6c" ref="layer-sha256:b84a32a4ecd55b93870256f5c99803a85ff672053e690bbedf8a6816350fcd6c" total=490126104
time="2026-03-03T01:44:38.907491383Z" level=error msg="(*service).Write failed" error="rpc error: code = Unavailable desc = ref moby/1/layer-sha256:b84a32a4ecd55b93870256f5c99803a85ff672053e690bbedf8a6816350fcd6c locked for 18.4557808s (since 2026-03-03 01:44:20.454139013 +0000 UTC m=+112.599193177): unavailable" expected="sha256:b84a32a4ecd55b93870256f5c99803a85ff672053e690bbedf8a6816350fcd6c" ref="layer-sha256:b84a32a4ecd55b93870256f5c99803a85ff672053e690bbedf8a6816350fcd6c" total=490126104
time="2026-03-03T01:44:38.943138508Z" level=error msg="(*service).Write failed" error="rpc error: code = Unavailable desc = ref moby/1/layer-sha256:b84a32a4ecd55b93870256f5c99803a85ff672053e690bbedf8a6816350fcd6c locked for 18.49142655s (since 2026-03-03 01:44:20.454139013 +0000 UTC m=+112.599193177): unavailable" expected="sha256:b84a32a4ecd55b93870256f5c99803a85ff672053e690bbedf8a6816350fcd6c" ref="layer-sha256:b84a32a4ecd55b93870256f5c99803a85ff672053e690bbedf8a6816350fcd6c" total=490126104
time="2026-03-03T01:44:40.379140592Z" level=error msg="(*service).Write failed" error="rpc error: code = Unavailable desc = ref moby/1/layer-sha256:b84a32a4ecd55b93870256f5c99803a85ff672053e690bbedf8a6816350fcd6c locked for 19.927444009s (since 2026-03-03 01:44:20.454139013 +0000 UTC m=+112.599193177): unavailable" expected="sha256:b84a32a4ecd55b93870256f5c99803a85ff672053e690bbedf8a6816350fcd6c" ref="layer-sha256:b84a32a4ecd55b93870256f5c99803a85ff672053e690bbedf8a6816350fcd6c" total=490126104
time="2026-03-03T01:44:40.913014009Z" level=error msg="(*service).Write failed" error="rpc error: code = Unavailable desc = ref moby/1/layer-sha256:b84a32a4ecd55b93870256f5c99803a85ff672053e690bbedf8a6816350fcd6c locked for 20.461314385s (since 2026-03-03 01:44:20.454139013 +0000 UTC m=+112.599193177): unavailable" expected="sha256:b84a32a4ecd55b93870256f5c99803a85ff672053e690bbedf8a6816350fcd6c" ref="layer-sha256:b84a32a4ecd55b93870256f5c99803a85ff672053e690bbedf8a6816350fcd6c" total=490126104
time="2026-03-03T01:44:42.319971426Z" level=error msg="(*service).Write failed" error="rpc error: code = Unavailable desc = ref moby/1/layer-sha256:b84a32a4ecd55b93870256f5c99803a85ff672053e690bbedf8a6816350fcd6c locked for 21.868257135s (since 2026-03-03 01:44:20.454139013 +0000 UTC m=+112.599193177): unavailable" expected="sha256:b84a32a4ecd55b93870256f5c99803a85ff672053e690bbedf8a6816350fcd6c" ref="layer-sha256:b84a32a4ecd55b93870256f5c99803a85ff672053e690bbedf8a6816350fcd6c" total=490126104
time="2026-03-03T01:44:43.930781510Z" level=error msg="(*service).Write failed" error="rpc error: code = Unavailable desc = ref moby/1/layer-sha256:b84a32a4ecd55b93870256f5c99803a85ff672053e690bbedf8a6816350fcd6c locked for 23.479086303s (since 2026-03-03 01:44:20.454139013 +0000 UTC m=+112.599193177): unavailable" expected="sha256:b84a32a4ecd55b93870256f5c99803a85ff672053e690bbedf8a6816350fcd6c" ref="layer-sha256:b84a32a4ecd55b93870256f5c99803a85ff672053e690bbedf8a6816350fcd6c" total=490126104
time="2026-03-03T01:44:44.860194511Z" level=error msg="(*service).Write failed" error="rpc error: code = Unavailable desc = ref moby/1/layer-sha256:b84a32a4ecd55b93870256f5c99803a85ff672053e690bbedf8a6816350fcd6c locked for 24.408498303s (since 2026-03-03 01:44:20.454139013 +0000 UTC m=+112.599193177): unavailable" expected="sha256:b84a32a4ecd55b93870256f5c99803a85ff672053e690bbedf8a6816350fcd6c" ref="layer-sha256:b84a32a4ecd55b93870256f5c99803a85ff672053e690bbedf8a6816350fcd6c" total=490126104
time="2026-03-03T01:44:45.536127053Z" level=error msg="(*service).Write failed" error="rpc error: code = Unavailable desc = ref moby/1/layer-sha256:b84a32a4ecd55b93870256f5c99803a85ff672053e690bbedf8a6816350fcd6c locked for 25.084412762s (since 2026-03-03 01:44:20.454139013 +0000 UTC m=+112.599193177): unavailable" expected="sha256:b84a32a4ecd55b93870256f5c99803a85ff672053e690bbedf8a6816350fcd6c" ref="layer-sha256:b84a32a4ecd55b93870256f5c99803a85ff672053e690bbedf8a6816350fcd6c" total=490126104
time="2026-03-03T01:44:46.058958928Z" level=error msg="(*service).Write failed" error="rpc error: code = Unavailable desc = ref moby/1/layer-sha256:b84a32a4ecd55b93870256f5c99803a85ff672053e690bbedf8a6816350fcd6c locked for 25.607267262s (since 2026-03-03 01:44:20.454139013 +0000 UTC m=+112.599193177): unavailable" expected="sha256:b84a32a4ecd55b93870256f5c99803a85ff672053e690bbedf8a6816350fcd6c" ref="layer-sha256:b84a32a4ecd55b93870256f5c99803a85ff672053e690bbedf8a6816350fcd6c" total=490126104
time="2026-03-03T01:44:47.144862137Z" level=error msg="(*service).Write failed" error="rpc error: code = Unavailable desc = ref moby/1/layer-sha256:b84a32a4ecd55b93870256f5c99803a85ff672053e690bbedf8a6816350fcd6c locked for 26.693115554s (since 2026-03-03 01:44:20.454139013 +0000 UTC m=+112.599193177): unavailable" expected="sha256:b84a32a4ecd55b93870256f5c99803a85ff672053e690bbedf8a6816350fcd6c" ref="layer-sha256:b84a32a4ecd55b93870256f5c99803a85ff672053e690bbedf8a6816350fcd6c" total=490126104
time="2026-03-03T01:44:47.767089179Z" level=error msg="(*service).Write failed" error="rpc error: code = Unavailable desc = ref moby/1/layer-sha256:b84a32a4ecd55b93870256f5c99803a85ff672053e690bbedf8a6816350fcd6c locked for 27.315385096s (since 2026-03-03 01:44:20.454139013 +0000 UTC m=+112.599193177): unavailable" expected="sha256:b84a32a4ecd55b93870256f5c99803a85ff672053e690bbedf8a6816350fcd6c" ref="layer-sha256:b84a32a4ecd55b93870256f5c99803a85ff672053e690bbedf8a6816350fcd6c" total=490126104
time="2026-03-03T01:44:48.626533679Z" level=error msg="(*service).Write failed" error="rpc error: code = Unavailable desc = ref moby/1/layer-sha256:b84a32a4ecd55b93870256f5c99803a85ff672053e690bbedf8a6816350fcd6c locked for 28.174841597s (since 2026-03-03 01:44:20.454139013 +0000 UTC m=+112.599193177): unavailable" expected="sha256:b84a32a4ecd55b93870256f5c99803a85ff672053e690bbedf8a6816350fcd6c" ref="layer-sha256:b84a32a4ecd55b93870256f5c99803a85ff672053e690bbedf8a6816350fcd6c" total=490126104
time="2026-03-03T01:44:49.674694138Z" level=error msg="(*service).Write failed" error="rpc error: code = Unavailable desc = ref moby/1/layer-sha256:b84a32a4ecd55b93870256f5c99803a85ff672053e690bbedf8a6816350fcd6c locked for 29.222971555s (since 2026-03-03 01:44:20.454139013 +0000 UTC m=+112.599193177): unavailable" expected="sha256:b84a32a4ecd55b93870256f5c99803a85ff672053e690bbedf8a6816350fcd6c" ref="layer-sha256:b84a32a4ecd55b93870256f5c99803a85ff672053e690bbedf8a6816350fcd6c" total=490126104
time="2026-03-03T01:44:50.965291889Z" level=error msg="(*service).Write failed" error="rpc error: code = Unavailable desc = ref moby/1/layer-sha256:b84a32a4ecd55b93870256f5c99803a85ff672053e690bbedf8a6816350fcd6c locked for 30.513596098s (since 2026-03-03 01:44:20.454139013 +0000 UTC m=+112.599193177): unavailable" expected="sha256:b84a32a4ecd55b93870256f5c99803a85ff672053e690bbedf8a6816350fcd6c" ref="layer-sha256:b84a32a4ecd55b93870256f5c99803a85ff672053e690bbedf8a6816350fcd6c" total=490126104
time="2026-03-03T01:44:52.786769084Z" level=error msg="(*service).Write failed" error="rpc error: code = Unavailable desc = ref moby/1/layer-sha256:b84a32a4ecd55b93870256f5c99803a85ff672053e690bbedf8a6816350fcd6c locked for 32.332292015s (since 2026-03-03 01:44:20.454139013 +0000 UTC m=+112.599193177): unavailable" expected="sha256:b84a32a4ecd55b93870256f5c99803a85ff672053e690bbedf8a6816350fcd6c" ref="layer-sha256:b84a32a4ecd55b93870256f5c99803a85ff672053e690bbedf8a6816350fcd6c" total=490126104
time="2026-03-03T01:44:53.636344209Z" level=error msg="(*service).Write failed" error="rpc error: code = Unavailable desc = ref moby/1/layer-sha256:b84a32a4ecd55b93870256f5c99803a85ff672053e690bbedf8a6816350fcd6c locked for 33.18187889s (since 2026-03-03 01:44:20.454139013 +0000 UTC m=+112.599193177): unavailable" expected="sha256:b84a32a4ecd55b93870256f5c99803a85ff672053e690bbedf8a6816350fcd6c" ref="layer-sha256:b84a32a4ecd55b93870256f5c99803a85ff672053e690bbedf8a6816350fcd6c" total=490126104
time="2026-03-03T01:44:55.341597418Z" level=error msg="(*service).Write failed" error="rpc error: code = Unavailable desc = ref moby/1/layer-sha256:b84a32a4ecd55b93870256f5c99803a85ff672053e690bbedf8a6816350fcd6c locked for 34.887032557s (since 2026-03-03 01:44:20.454139013 +0000 UTC m=+112.599193177): unavailable" expected="sha256:b84a32a4ecd55b93870256f5c99803a85ff672053e690bbedf8a6816350fcd6c" ref="layer-sha256:b84a32a4ecd55b93870256f5c99803a85ff672053e690bbedf8a6816350fcd6c" total=490126104
time="2026-03-03T01:44:55.858188918Z" level=error msg="(*service).Write failed" error="rpc error: code = Unavailable desc = ref moby/1/layer-sha256:b84a32a4ecd55b93870256f5c99803a85ff672053e690bbedf8a6816350fcd6c locked for 35.403687016s (since 2026-03-03 01:44:20.454139013 +0000 UTC m=+112.599193177): unavailable" expected="sha256:b84a32a4ecd55b93870256f5c99803a85ff672053e690bbedf8a6816350fcd6c" ref="layer-sha256:b84a32a4ecd55b93870256f5c99803a85ff672053e690bbedf8a6816350fcd6c" total=490126104
time="2026-03-03T01:44:56.044421043Z" level=error msg="(*service).Write failed" error="rpc error: code = Unavailable desc = ref moby/1/layer-sha256:b84a32a4ecd55b93870256f5c99803a85ff672053e690bbedf8a6816350fcd6c locked for 35.589930391s (since 2026-03-03 01:44:20.454139013 +0000 UTC m=+112.599193177): unavailable" expected="sha256:b84a32a4ecd55b93870256f5c99803a85ff672053e690bbedf8a6816350fcd6c" ref="layer-sha256:b84a32a4ecd55b93870256f5c99803a85ff672053e690bbedf8a6816350fcd6c" total=490126104
time="2026-03-03T01:45:03.936817381Z" level=error msg="failed to cleanup \"extract-914727714-SJgq sha256:be727921e97fd8c17a3e15b2fd3a43e3183db101b786fe346c4470a2ffd4e9f3\"" error="NotFound: snapshot extract-914727714-SJgq sha256:be727921e97fd8c17a3e15b2fd3a43e3183db101b786fe346c4470a2ffd4e9f3 does not exist: not found"
time="2026-03-03T01:45:03.937329922Z" level=error msg="failed to cleanup \"extract-244666630-5J1R sha256:be727921e97fd8c17a3e15b2fd3a43e3183db101b786fe346c4470a2ffd4e9f3\"" error="NotFound: snapshot extract-244666630-5J1R sha256:be727921e97fd8c17a3e15b2fd3a43e3183db101b786fe346c4470a2ffd4e9f3 does not exist: not found"
time="2026-03-03T01:45:07.978088674Z" level=info msg="Cancel with lease, leased resources will remain until expiration" expires_at="2026-03-03 09:45:07.863665007 +0000 UTC m=+28960.058377907" lease=864064466-HDjl
time="2026-03-03T01:45:07.978362924Z" level=info msg="Cancel with lease, leased resources will remain until expiration" expires_at="2026-03-03 09:45:07.868002632 +0000 UTC m=+28960.062715282" lease=868004632-_T1Z
time="2026-03-03T01:45:07.978942424Z" level=error msg="(*service).Write failed" error="rpc error: code = Unavailable desc = ref moby/1/manifest-sha256:0ec7739e1c5ec2f57861facbe1f2b74f1d3e147c7c97edf91eeea920c5944d9c locked for 785.583µs (since 2026-03-03 01:45:07.978131466 +0000 UTC m=+160.122882449): unavailable" expected="sha256:0ec7739e1c5ec2f57861facbe1f2b74f1d3e147c7c97edf91eeea920c5944d9c" ref="manifest-sha256:0ec7739e1c5ec2f57861facbe1f2b74f1d3e147c7c97edf91eeea920c5944d9c" total=760
time="2026-03-03T01:45:07.978952382Z" level=error msg="(*service).Write failed" error="rpc error: code = Canceled desc = context canceled" expected="sha256:0ec7739e1c5ec2f57861facbe1f2b74f1d3e147c7c97edf91eeea920c5944d9c" ref="manifest-sha256:0ec7739e1c5ec2f57861facbe1f2b74f1d3e147c7c97edf91eeea920c5944d9c" total=760
time="2026-03-03T01:45:11.945057801Z" level=error msg="(*service).Write failed" error="rpc error: code = Canceled desc = context canceled" expected="sha256:0ec7739e1c5ec2f57861facbe1f2b74f1d3e147c7c97edf91eeea920c5944d9c" ref="manifest-sha256:0ec7739e1c5ec2f57861facbe1f2b74f1d3e147c7c97edf91eeea920c5944d9c" total=760
time="2026-03-03T01:45:11.946031343Z" level=info msg="Cancel with lease, leased resources will remain until expiration" expires_at="2026-03-03 09:45:11.849396968 +0000 UTC m=+28964.044109617" lease=849400051-qA1S
time="2026-03-03T01:45:14.853379177Z" level=error msg="(*service).Write failed" error="rpc error: code = Canceled desc = context canceled" expected="sha256:0ec7739e1c5ec2f57861facbe1f2b74f1d3e147c7c97edf91eeea920c5944d9c" ref="manifest-sha256:0ec7739e1c5ec2f57861facbe1f2b74f1d3e147c7c97edf91eeea920c5944d9c" total=760
time="2026-03-03T01:45:14.853546261Z" level=info msg="Cancel with lease, leased resources will remain until expiration" expires_at="2026-03-03 09:45:14.771136927 +0000 UTC m=+28966.965849577" lease=771166177-LOSR
